nohup: ignoring input

  .   ____          _            __ _ _
 /\\ / ___'_ __ _ _(_)_ __  __ _ \ \ \ \
( ( )\___ | '_ | '_| | '_ \/ _` | \ \ \ \
 \\/  ___)| |_)| | | | | || (_| |  ) ) ) )
  '  |____| .__|_| |_|_| |_\__, | / / / /
 =========|_|==============|___/=/_/_/_/

 :: Spring Boot ::                (v4.0.6)

2026-04-27T14:19:07.570Z  INFO 6386 --- [rtb-auction-service] [           main] c.e.rtb.RtbAuctionServiceApplication     : Starting RtbAuctionServiceApplication v0.0.1-SNAPSHOT using Java 21.0.10 with PID 6386 (/home/ec2-user/rtb-auction-service/build/libs/demo-0.0.1-SNAPSHOT.jar started by ec2-user in /home/ec2-user/rtb-auction-service)
2026-04-27T14:19:07.591Z  INFO 6386 --- [rtb-auction-service] [           main] c.e.rtb.RtbAuctionServiceApplication     : No active profile set, falling back to 1 default profile: "default"
2026-04-27T14:19:10.099Z  INFO 6386 --- [rtb-auction-service] [           main] .s.d.r.c.RepositoryConfigurationDelegate : Multiple Spring Data modules found, entering strict repository configuration mode
2026-04-27T14:19:10.103Z  INFO 6386 --- [rtb-auction-service] [           main] .s.d.r.c.RepositoryConfigurationDelegate : Bootstrapping Spring Data JPA repositories in DEFAULT mode.
2026-04-27T14:19:10.421Z  INFO 6386 --- [rtb-auction-service] [           main] .s.d.r.c.RepositoryConfigurationDelegate : Finished Spring Data repository scanning in 298 ms. Found 2 JPA repository interfaces.
2026-04-27T14:19:10.563Z  INFO 6386 --- [rtb-auction-service] [           main] .s.d.r.c.RepositoryConfigurationDelegate : Multiple Spring Data modules found, entering strict repository configuration mode
2026-04-27T14:19:10.565Z  INFO 6386 --- [rtb-auction-service] [           main] .s.d.r.c.RepositoryConfigurationDelegate : Bootstrapping Spring Data Redis repositories in DEFAULT mode.
2026-04-27T14:19:10.597Z  INFO 6386 --- [rtb-auction-service] [           main] .RepositoryConfigurationExtensionSupport : Spring Data Redis - Could not safely identify store assignment for repository candidate interface com.example.rtb.repository.AuctionEventRepository; If you want this repository to be a Redis repository, consider annotating your entities with one of these annotations: org.springframework.data.redis.core.RedisHash (preferred), or consider extending one of the following types with your repository: org.springframework.data.keyvalue.repository.KeyValueRepository
2026-04-27T14:19:10.598Z  INFO 6386 --- [rtb-auction-service] [           main] .RepositoryConfigurationExtensionSupport : Spring Data Redis - Could not safely identify store assignment for repository candidate interface com.example.rtb.repository.CampaignRepository; If you want this repository to be a Redis repository, consider annotating your entities with one of these annotations: org.springframework.data.redis.core.RedisHash (preferred), or consider extending one of the following types with your repository: org.springframework.data.keyvalue.repository.KeyValueRepository
2026-04-27T14:19:10.598Z  INFO 6386 --- [rtb-auction-service] [           main] .s.d.r.c.RepositoryConfigurationDelegate : Finished Spring Data repository scanning in 6 ms. Found 0 Redis repository interfaces.
2026-04-27T14:19:12.031Z  INFO 6386 --- [rtb-auction-service] [           main] o.s.boot.tomcat.TomcatWebServer          : Tomcat initialized with port 8081 (http)
2026-04-27T14:19:12.059Z  INFO 6386 --- [rtb-auction-service] [           main] o.apache.catalina.core.StandardService   : Starting service [Tomcat]
2026-04-27T14:19:12.060Z  INFO 6386 --- [rtb-auction-service] [           main] o.apache.catalina.core.StandardEngine    : Starting Servlet engine: [Apache Tomcat/11.0.21]
2026-04-27T14:19:12.111Z  INFO 6386 --- [rtb-auction-service] [           main] b.w.c.s.WebApplicationContextInitializer : Root WebApplicationContext: initialization completed in 4309 ms
2026-04-27T14:19:12.877Z  INFO 6386 --- [rtb-auction-service] [           main] org.hibernate.orm.jpa                    : HHH008540: Processing PersistenceUnitInfo [name: default]
2026-04-27T14:19:13.043Z  INFO 6386 --- [rtb-auction-service] [           main] org.hibernate.orm.core                   : HHH000001: Hibernate ORM core version 7.2.12.Final
2026-04-27T14:19:14.271Z  INFO 6386 --- [rtb-auction-service] [           main] o.s.o.j.p.SpringPersistenceUnitInfo      : No LoadTimeWeaver setup: ignoring JPA class transformer
2026-04-27T14:19:14.352Z  INFO 6386 --- [rtb-auction-service] [           main] com.zaxxer.hikari.HikariDataSource       : HikariPool-1 - Starting...
2026-04-27T14:19:14.874Z  INFO 6386 --- [rtb-auction-service] [           main] com.zaxxer.hikari.pool.HikariPool        : HikariPool-1 - Added connection org.postgresql.jdbc.PgConnection@7f94541b
2026-04-27T14:19:14.877Z  INFO 6386 --- [rtb-auction-service] [           main] com.zaxxer.hikari.HikariDataSource       : HikariPool-1 - Start completed.
2026-04-27T14:19:15.140Z  INFO 6386 --- [rtb-auction-service] [           main] org.hibernate.orm.connections.pooling    : HHH10001005: Database info:
	Database JDBC URL [jdbc:postgresql://localhost:5432/adtech]
	Database driver: PostgreSQL JDBC Driver
	Database dialect: PostgreSQLDialect
	Database version: 16.13
	Default catalog/schema: adtech/public
	Autocommit mode: undefined/unknown
	Isolation level: READ_COMMITTED [default READ_COMMITTED]
	JDBC fetch size: none
	Pool: DataSourceConnectionProvider
	Minimum pool size: undefined/unknown
	Maximum pool size: undefined/unknown
2026-04-27T14:19:17.553Z  INFO 6386 --- [rtb-auction-service] [           main] org.hibernate.orm.core                   : HHH000489: No JTA platform available (set 'hibernate.transaction.jta.platform' to enable JTA platform integration)
Hibernate: 
    create table auction_event (
        id bigint generated by default as identity,
        ad_slot varchar(255),
        advertiser varchar(255),
        auction_id varchar(255),
        bid_price float(53) not null,
        content_type varchar(255),
        country varchar(255),
        created_at timestamp(6),
        decision varchar(255),
        device_type varchar(255),
        latency_ms bigint not null,
        live_event boolean not null,
        reason varchar(255),
        viewer_id varchar(255),
        primary key (id)
    )
Hibernate: 
    create table campaign (
        id bigint generated by default as identity,
        active boolean not null,
        advertiser varchar(255),
        daily_budget float(53) not null,
        max_bid float(53) not null,
        spent_today float(53) not null,
        target_content_type varchar(255),
        target_country varchar(255),
        target_device varchar(255),
        primary key (id)
    )
2026-04-27T14:19:17.660Z  INFO 6386 --- [rtb-auction-service] [           main] j.LocalContainerEntityManagerFactoryBean : Initialized JPA EntityManagerFactory for persistence unit 'default'
2026-04-27T14:19:17.895Z  INFO 6386 --- [rtb-auction-service] [           main] o.s.d.j.r.query.QueryEnhancerFactories   : Hibernate is in classpath; If applicable, HQL parser will be used.
2026-04-27T14:19:19.444Z  WARN 6386 --- [rtb-auction-service] [           main] JpaBaseConfiguration$JpaWebConfiguration : spring.jpa.open-in-view is enabled by default. Therefore, database queries may be performed during view rendering. Explicitly configure spring.jpa.open-in-view to disable this warning
2026-04-27T14:19:19.833Z  INFO 6386 --- [rtb-auction-service] [           main] r$InitializeUserDetailsManagerConfigurer : Global AuthenticationManager configured with UserDetailsService bean with name users
2026-04-27T14:19:21.663Z  INFO 6386 --- [rtb-auction-service] [           main] o.s.b.a.e.web.EndpointLinksResolver      : Exposing 3 endpoints beneath base path '/actuator'
2026-04-27T14:19:21.831Z  INFO 6386 --- [rtb-auction-service] [           main] o.s.boot.tomcat.TomcatWebServer          : Tomcat started on port 8081 (http) with context path '/'
2026-04-27T14:19:21.855Z  INFO 6386 --- [rtb-auction-service] [           main] c.e.rtb.RtbAuctionServiceApplication     : Started RtbAuctionServiceApplication in 15.346 seconds (process running for 16.951)
2026-04-27T14:19:29.388Z  INFO 6386 --- [rtb-auction-service] [nio-8081-exec-1] o.a.c.c.C.[Tomcat].[localhost].[/]       : Initializing Spring DispatcherServlet 'dispatcherServlet'
2026-04-27T14:19:29.388Z  INFO 6386 --- [rtb-auction-service] [nio-8081-exec-1] o.s.web.servlet.DispatcherServlet        : Initializing Servlet 'dispatcherServlet'
2026-04-27T14:19:29.390Z  INFO 6386 --- [rtb-auction-service] [nio-8081-exec-1] o.s.web.servlet.DispatcherServlet        : Completed initialization in 1 ms
Hibernate: 
    select
        c1_0.id,
        c1_0.active,
        c1_0.advertiser,
        c1_0.daily_budget,
        c1_0.max_bid,
        c1_0.spent_today,
        c1_0.target_content_type,
        c1_0.target_country,
        c1_0.target_device 
    from
        campaign c1_0 
    order by
        c1_0.id desc 
    fetch
        first ? rows only
Hibernate: 
    select
        c1_0.id,
        c1_0.active,
        c1_0.advertiser,
        c1_0.daily_budget,
        c1_0.max_bid,
        c1_0.spent_today,
        c1_0.target_content_type,
        c1_0.target_country,
        c1_0.target_device 
    from
        campaign c1_0 
    order by
        c1_0.id desc 
    fetch
        first ? rows only
Hibernate: 
    select
        c1_0.id,
        c1_0.active,
        c1_0.advertiser,
        c1_0.daily_budget,
        c1_0.max_bid,
        c1_0.spent_today,
        c1_0.target_content_type,
        c1_0.target_country,
        c1_0.target_device 
    from
        campaign c1_0 
    where
        c1_0.active=true 
        and c1_0.target_country=? 
        and c1_0.target_device=? 
        and c1_0.target_content_type=?
Hibernate: 
    insert 
    into
        auction_event
        (ad_slot, advertiser, auction_id, bid_price, content_type, country, created_at, decision, device_type, latency_ms, live_event, reason, viewer_id) 
    values
        (?, ?, ?, ?, ?, ?, ?, ?, ?, ?, ?, ?, ?)
Hibernate: 
    insert 
    into
        auction_event
        (ad_slot, advertiser, auction_id, bid_price, content_type, country, created_at, decision, device_type, latency_ms, live_event, reason, viewer_id) 
    values
        (?, ?, ?, ?, ?, ?, ?, ?, ?, ?, ?, ?, ?)
Hibernate: 
    insert 
    into
        auction_event
        (ad_slot, advertiser, auction_id, bid_price, content_type, country, created_at, decision, device_type, latency_ms, live_event, reason, viewer_id) 
    values
        (?, ?, ?, ?, ?, ?, ?, ?, ?, ?, ?, ?, ?)
Hibernate: 
    insert 
    into
        auction_event
        (ad_slot, advertiser, auction_id, bid_price, content_type, country, created_at, decision, device_type, latency_ms, live_event, reason, viewer_id) 
    values
        (?, ?, ?, ?, ?, ?, ?, ?, ?, ?, ?, ?, ?)
Hibernate: 
    insert 
    into
        auction_event
        (ad_slot, advertiser, auction_id, bid_price, content_type, country, created_at, decision, device_type, latency_ms, live_event, reason, viewer_id) 
    values
        (?, ?, ?, ?, ?, ?, ?, ?, ?, ?, ?, ?, ?)
